Arguments: 
  /usr/local/bin/node /home/ivan/.yarn/bin/yarn.js add quill

PATH: 
  /home/ivan/.local/share/pnpm:/home/ivan/.nix-profile/bin:/home/ivan/.asdf/shims:/home/ivan/.asdf/bin:/home/ivan/.yarn/bin:/home/ivan/.config/yarn/global/node_modules/.bin:/home/ivan/.local/share/pnpm:/home/ivan/.nix-profile/bin:/home/ivan/.sdkman/candidates/gradle/current/bin:/home/ivan/.yarn/bin:/home/ivan/.config/yarn/global/node_modules/.bin:/home/ivan/.cargo/bin:/home/ivan/.nix-profile/bin:/home/ivan/.cargo/bin:/home/ivan/.local/bin:/usr/local/sbin:/usr/local/bin:/usr/sbin:/usr/bin:/sbin:/bin:/usr/games:/usr/local/games:/snap/bin

Yarn version: 
  1.17.3

Node version: 
  16.13.2

Platform: 
  linux x64

Trace: 
  SyntaxError: /home/ivan/Sites/bonfire-app/forks/bonfire_editor_quill/assets/package.json: Unexpected end of JSON input
      at JSON.parse (<anonymous>)
      at /home/ivan/.yarn/lib/cli.js:1625:59
      at Generator.next (<anonymous>)
      at step (/home/ivan/.yarn/lib/cli.js:304:30)
      at /home/ivan/.yarn/lib/cli.js:315:13

npm manifest: 
  

yarn manifest: 
  No manifest

Lockfile: 
  No lockfile
